<?xml version="1.0" encoding="UTF-8"?>
<coverage generated="1661385369948" clover="3.2.0">
  <project timestamp="1661385369948" name="All files">
    <metrics statements="5" coveredstatements="5" conditionals="0" coveredconditionals="0" methods="4" coveredmethods="4" elements="9" coveredelements="9" complexity="0" loc="5" ncloc="5" packages="1" files="1" classes="1"/>
    <file name="Factura.js" path="C:\Users\Administrador\Documents\ort\202202\3-Miercoles TP2 2 E - Almagro\tp2-2022-2-AlmagroE\clase3\ejercicio\src\models\Factura.js">
      <metrics statements="5" coveredstatements="5" conditionals="0" coveredconditionals="0" methods="4" coveredmethods="4"/>
      <line num="4" count="4" type="stmt"/>
      <line num="5" count="4" type="stmt"/>
      <line num="6" count="4" type="stmt"/>
      <line num="10" count="4" type="stmt"/>
      <line num="14" count="2" type="stmt"/>
    </file>
  </project>
</coverage>
