<?xml version="1.0" encoding="UTF-8"?>
<coverage generated="1661387766260" clover="3.2.0">
  <project timestamp="1661387766261" name="All files">
    <metrics statements="9" coveredstatements="9" conditionals="0" coveredconditionals="0" methods="6" coveredmethods="6" elements="15" coveredelements="15" complexity="0" loc="9" ncloc="9" packages="2" files="2" classes="2"/>
    <package name="models">
      <metrics statements="5" coveredstatements="5" conditionals="0" coveredconditionals="0" methods="4" coveredmethods="4"/>
      <file name="Factura.js" path="C:\Users\Administrador\Documents\ort\202202\3-Miercoles TP2 2 E - Almagro\tp2-2022-2-AlmagroE\clase3\ejercicio\src\models\Factura.js">
        <metrics statements="5" coveredstatements="5" conditionals="0" coveredconditionals="0" methods="4" coveredmethods="4"/>
        <line num="4" count="4" type="stmt"/>
        <line num="5" count="4" type="stmt"/>
        <line num="6" count="4" type="stmt"/>
        <line num="10" count="4" type="stmt"/>
        <line num="14" count="2" type="stmt"/>
      </file>
    </package>
    <package name="service">
      <metrics statements="4" coveredstatements="4" conditionals="0" coveredconditionals="0" methods="2" coveredmethods="2"/>
      <file name="FileUtil.js" path="C:\Users\Administrador\Documents\ort\202202\3-Miercoles TP2 2 E - Almagro\tp2-2022-2-AlmagroE\clase3\ejercicio\src\service\FileUtil.js">
        <metrics statements="4" coveredstatements="4" conditionals="0" coveredconditionals="0" methods="2" coveredmethods="2"/>
        <line num="6" count="2" type="stmt"/>
        <line num="10" count="2" type="stmt"/>
        <line num="11" count="2" type="stmt"/>
        <line num="13" count="1" type="stmt"/>
      </file>
    </package>
  </project>
</coverage>
