{"C:\\Users\\Agustin\\Desktop\\git\\tp2-2022-2-AlmagroE\\clase3\\ejercicio\\src\\models\\Factura.js": {"path":"C:\\Users\\Agustin\\Desktop\\git\\tp2-2022-2-AlmagroE\\clase3\\ejercicio\\src\\models\\Factura.js","statementMap":{"0":{"start":{"line":6,"column":8},"end":{"line":6,"column":23}},"1":{"start":{"line":7,"column":8},"end":{"line":7,"column":31}},"2":{"start":{"line":8,"column":8},"end":{"line":8,"column":25}},"3":{"start":{"line":13,"column":4},"end":{"line":13,"column":58}},"4":{"start":{"line":13,"column":43},"end":{"line":13,"column":54}},"5":{"start":{"line":17,"column":4},"end":{"line":17,"column":62}}},"fnMap":{"0":{"name":"(anonymous_0)","decl":{"start":{"line":4,"column":4},"end":{"line":4,"column":5}},"loc":{"start":{"line":5,"column":4},"end":{"line":9,"column":5}},"line":5},"1":{"name":"(anonymous_1)","decl":{"start":{"line":11,"column":4},"end":{"line":11,"column":5}},"loc":{"start":{"line":11,"column":28},"end":{"line":14,"column":1}},"line":11},"2":{"name":"(anonymous_2)","decl":{"start":{"line":13,"column":28},"end":{"line":13,"column":29}},"loc":{"start":{"line":13,"column":43},"end":{"line":13,"column":54}},"line":13},"3":{"name":"(anonymous_3)","decl":{"start":{"line":16,"column":0},"end":{"line":16,"column":1}},"loc":{"start":{"line":16,"column":16},"end":{"line":18,"column":1}},"line":16}},"branchMap":{},"s":{"0":2,"1":2,"2":2,"3":2,"4":3,"5":2},"f":{"0":2,"1":2,"2":3,"3":2},"b":{},"_coverageSchema":"1a1c01bbd47fc00a2c39e90264f33305004495a9","hash":"22a0482fc159adbfd91e0c1de76208cc7b0028af"}
,"C:\\Users\\Agustin\\Desktop\\git\\tp2-2022-2-AlmagroE\\clase3\\ejercicio\\src\\service\\FileUtil.js": {"path":"C:\\Users\\Agustin\\Desktop\\git\\tp2-2022-2-AlmagroE\\clase3\\ejercicio\\src\\service\\FileUtil.js","statementMap":{"0":{"start":{"line":6,"column":8},"end":{"line":6,"column":31}},"1":{"start":{"line":11,"column":4},"end":{"line":18,"column":5}},"2":{"start":{"line":12,"column":8},"end":{"line":12,"column":54}},"3":{"start":{"line":16,"column":8},"end":{"line":16,"column":42}}},"fnMap":{"0":{"name":"(anonymous_0)","decl":{"start":{"line":4,"column":4},"end":{"line":4,"column":5}},"loc":{"start":{"line":5,"column":4},"end":{"line":7,"column":5}},"line":5},"1":{"name":"(anonymous_1)","decl":{"start":{"line":9,"column":3},"end":{"line":9,"column":4}},"loc":{"start":{"line":10,"column":3},"end":{"line":20,"column":4}},"line":10},"2":{"name":"(anonymous_2)","decl":{"start":{"line":22,"column":3},"end":{"line":22,"column":4}},"loc":{"start":{"line":23,"column":3},"end":{"line":23,"column":5}},"line":23}},"branchMap":{},"s":{"0":1,"1":1,"2":1,"3":1},"f":{"0":1,"1":1,"2":0},"b":{},"_coverageSchema":"1a1c01bbd47fc00a2c39e90264f33305004495a9","hash":"0bda54a3520399521f878abccac8e5a56de353b7"}
}
