{"C:\\Users\\Administrador\\Documents\\ort\\202202\\3-Miercoles TP2 2 E - Almagro\\tp2-2022-2-AlmagroE\\clase3\\ejercicio\\src\\models\\Factura.js": {"path":"C:\\Users\\Administrador\\Documents\\ort\\202202\\3-Miercoles TP2 2 E - Almagro\\tp2-2022-2-AlmagroE\\clase3\\ejercicio\\src\\models\\Factura.js","statementMap":{"0":{"start":{"line":4,"column":8},"end":{"line":4,"column":29}},"1":{"start":{"line":5,"column":8},"end":{"line":5,"column":31}},"2":{"start":{"line":6,"column":8},"end":{"line":6,"column":27}},"3":{"start":{"line":10,"column":8},"end":{"line":10,"column":59}},"4":{"start":{"line":10,"column":47},"end":{"line":10,"column":55}}},"fnMap":{"0":{"name":"(anonymous_0)","decl":{"start":{"line":3,"column":4},"end":{"line":3,"column":5}},"loc":{"start":{"line":3,"column":38},"end":{"line":7,"column":5}},"line":3},"1":{"name":"(anonymous_1)","decl":{"start":{"line":9,"column":4},"end":{"line":9,"column":5}},"loc":{"start":{"line":9,"column":29},"end":{"line":11,"column":5}},"line":9},"2":{"name":"(anonymous_2)","decl":{"start":{"line":10,"column":33},"end":{"line":10,"column":34}},"loc":{"start":{"line":10,"column":47},"end":{"line":10,"column":55}},"line":10}},"branchMap":{},"s":{"0":2,"1":2,"2":2,"3":2,"4":2},"f":{"0":2,"1":2,"2":2},"b":{},"_coverageSchema":"1a1c01bbd47fc00a2c39e90264f33305004495a9","hash":"6d8ca4be939dc576b8a3aff193662ac5288c538b"}
}
