<?xml version="1.0" encoding="UTF-8"?>
<coverage generated="1661387614057" clover="3.2.0">
  <project timestamp="1661387614057" name="All files">
    <metrics statements="9" coveredstatements="9" conditionals="0" coveredconditionals="0" methods="7" coveredmethods="6" elements="16" coveredelements="15" complexity="0" loc="9" ncloc="9" packages="2" files="2" classes="2"/>
    <package name="models">
      <metrics statements="5" coveredstatements="5" conditionals="0" coveredconditionals="0" methods="4" coveredmethods="4"/>
      <file name="Factura.js" path="C:\Users\Maxi\Documents\ORT\2°1°\TP2\VSC Ejercicios\GIT\tp2-2022-2-AlmagroE\clase3\Malek\Ejercicio\src\models\Factura.js">
        <metrics statements="5" coveredstatements="5" conditionals="0" coveredconditionals="0" methods="4" coveredmethods="4"/>
        <line num="4" count="4" type="stmt"/>
        <line num="5" count="4" type="stmt"/>
        <line num="6" count="4" type="stmt"/>
        <line num="10" count="6" type="stmt"/>
        <line num="13" count="2" type="stmt"/>
      </file>
    </package>
    <package name="service">
      <metrics statements="4" coveredstatements="4" conditionals="0" coveredconditionals="0" methods="3" coveredmethods="2"/>
      <file name="fileUtil.js" path="C:\Users\Maxi\Documents\ORT\2°1°\TP2\VSC Ejercicios\GIT\tp2-2022-2-AlmagroE\clase3\Malek\Ejercicio\src\service\fileUtil.js">
        <metrics statements="4" coveredstatements="4" conditionals="0" coveredconditionals="0" methods="3" coveredmethods="2"/>
        <line num="4" count="2" type="stmt"/>
        <line num="7" count="2" type="stmt"/>
        <line num="8" count="2" type="stmt"/>
        <line num="11" count="1" type="stmt"/>
      </file>
    </package>
  </project>
</coverage>
