{"C:\\Users\\Maxi\\Documents\\ORT\\2°1°\\TP2\\VSC Ejercicios\\GIT\\tp2-2022-2-AlmagroE\\clase3\\Malek\\Ejercicio\\src\\models\\Factura.js": {"path":"C:\\Users\\Maxi\\Documents\\ORT\\2°1°\\TP2\\VSC Ejercicios\\GIT\\tp2-2022-2-AlmagroE\\clase3\\Malek\\Ejercicio\\src\\models\\Factura.js","statementMap":{"0":{"start":{"line":4,"column":8},"end":{"line":4,"column":29}},"1":{"start":{"line":5,"column":8},"end":{"line":5,"column":31}},"2":{"start":{"line":6,"column":8},"end":{"line":6,"column":27}},"3":{"start":{"line":10,"column":8},"end":{"line":10,"column":57}},"4":{"start":{"line":10,"column":45},"end":{"line":10,"column":53}},"5":{"start":{"line":13,"column":8},"end":{"line":13,"column":66}}},"fnMap":{"0":{"name":"(anonymous_0)","decl":{"start":{"line":3,"column":4},"end":{"line":3,"column":5}},"loc":{"start":{"line":3,"column":38},"end":{"line":7,"column":5}},"line":3},"1":{"name":"(anonymous_1)","decl":{"start":{"line":9,"column":4},"end":{"line":9,"column":5}},"loc":{"start":{"line":9,"column":29},"end":{"line":11,"column":5}},"line":9},"2":{"name":"(anonymous_2)","decl":{"start":{"line":10,"column":33},"end":{"line":10,"column":34}},"loc":{"start":{"line":10,"column":45},"end":{"line":10,"column":53}},"line":10},"3":{"name":"(anonymous_3)","decl":{"start":{"line":12,"column":4},"end":{"line":12,"column":5}},"loc":{"start":{"line":12,"column":19},"end":{"line":14,"column":5}},"line":12}},"branchMap":{},"s":{"0":4,"1":4,"2":4,"3":4,"4":6,"5":2},"f":{"0":4,"1":4,"2":6,"3":2},"b":{},"_coverageSchema":"1a1c01bbd47fc00a2c39e90264f33305004495a9","hash":"5037322ae59d13f4df694adf6a146a51770bbec8"}
,"C:\\Users\\Maxi\\Documents\\ORT\\2°1°\\TP2\\VSC Ejercicios\\GIT\\tp2-2022-2-AlmagroE\\clase3\\Malek\\Ejercicio\\src\\service\\fileUtil.js": {"path":"C:\\Users\\Maxi\\Documents\\ORT\\2°1°\\TP2\\VSC Ejercicios\\GIT\\tp2-2022-2-AlmagroE\\clase3\\Malek\\Ejercicio\\src\\service\\fileUtil.js","statementMap":{"0":{"start":{"line":4,"column":4},"end":{"line":4,"column":25}},"1":{"start":{"line":7,"column":8},"end":{"line":11,"column":46}},"2":{"start":{"line":8,"column":12},"end":{"line":8,"column":57}},"3":{"start":{"line":11,"column":12},"end":{"line":11,"column":45}}},"fnMap":{"0":{"name":"(anonymous_0)","decl":{"start":{"line":3,"column":3},"end":{"line":3,"column":4}},"loc":{"start":{"line":3,"column":23},"end":{"line":5,"column":4}},"line":3},"1":{"name":"(anonymous_1)","decl":{"start":{"line":6,"column":4},"end":{"line":6,"column":5}},"loc":{"start":{"line":6,"column":10},"end":{"line":13,"column":5}},"line":6},"2":{"name":"(anonymous_2)","decl":{"start":{"line":15,"column":4},"end":{"line":15,"column":5}},"loc":{"start":{"line":15,"column":14},"end":{"line":17,"column":5}},"line":15}},"branchMap":{},"s":{"0":2,"1":2,"2":2,"3":1},"f":{"0":2,"1":2,"2":0},"b":{},"_coverageSchema":"1a1c01bbd47fc00a2c39e90264f33305004495a9","hash":"ec7ee2265be2f930700b160a0cdc7f0d84ac43bf"}
}
