<?xml version="1.0" encoding="UTF-8"?>
<coverage generated="1661977621939" clover="3.2.0">
  <project timestamp="1661977621939" name="All files">
    <metrics statements="15" coveredstatements="15" conditionals="0" coveredconditionals="0" methods="9" coveredmethods="9" elements="24" coveredelements="24" complexity="0" loc="15" ncloc="15" packages="2" files="3" classes="3"/>
    <package name="models">
      <metrics statements="5" coveredstatements="5" conditionals="0" coveredconditionals="0" methods="4" coveredmethods="4"/>
      <file name="Factura.js" path="C:\Users\Administrador\Documents\ort\202202\3-Miercoles TP2 2 E - Almagro\tp2-2022-2-AlmagroE\clase4\ejercicio\src\models\Factura.js">
        <metrics statements="5" coveredstatements="5" conditionals="0" coveredconditionals="0" methods="4" coveredmethods="4"/>
        <line num="4" count="8" type="stmt"/>
        <line num="5" count="8" type="stmt"/>
        <line num="6" count="8" type="stmt"/>
        <line num="10" count="12" type="stmt"/>
        <line num="14" count="6" type="stmt"/>
      </file>
    </package>
    <package name="service">
      <metrics statements="10" coveredstatements="10" conditionals="0" coveredconditionals="0" methods="5" coveredmethods="5"/>
      <file name="FacturaProceso.js" path="C:\Users\Administrador\Documents\ort\202202\3-Miercoles TP2 2 E - Almagro\tp2-2022-2-AlmagroE\clase4\ejercicio\src\service\FacturaProceso.js">
        <metrics statements="6" coveredstatements="6" conditionals="0" coveredconditionals="0" methods="3" coveredmethods="3"/>
        <line num="4" count="1" type="stmt"/>
        <line num="7" count="1" type="stmt"/>
        <line num="11" count="1" type="stmt"/>
        <line num="13" count="4" type="stmt"/>
        <line num="14" count="4" type="stmt"/>
        <line num="17" count="1" type="stmt"/>
      </file>
      <file name="FileUtil.js" path="C:\Users\Administrador\Documents\ort\202202\3-Miercoles TP2 2 E - Almagro\tp2-2022-2-AlmagroE\clase4\ejercicio\src\service\FileUtil.js">
        <metrics statements="4" coveredstatements="4" conditionals="0" coveredconditionals="0" methods="2" coveredmethods="2"/>
        <line num="6" count="2" type="stmt"/>
        <line num="10" count="2" type="stmt"/>
        <line num="11" count="2" type="stmt"/>
        <line num="13" count="1" type="stmt"/>
      </file>
    </package>
  </project>
</coverage>
