{"C:\\Users\\Administrador\\Documents\\ort\\202202\\3-Miercoles TP2 2 E - Almagro\\tp2-2022-2-AlmagroE\\clase4\\ejercicio\\src\\models\\Factura.js": {"path":"C:\\Users\\Administrador\\Documents\\ort\\202202\\3-Miercoles TP2 2 E - Almagro\\tp2-2022-2-AlmagroE\\clase4\\ejercicio\\src\\models\\Factura.js","statementMap":{"0":{"start":{"line":4,"column":8},"end":{"line":4,"column":29}},"1":{"start":{"line":5,"column":8},"end":{"line":5,"column":31}},"2":{"start":{"line":6,"column":8},"end":{"line":6,"column":27}},"3":{"start":{"line":10,"column":8},"end":{"line":10,"column":59}},"4":{"start":{"line":10,"column":47},"end":{"line":10,"column":55}},"5":{"start":{"line":14,"column":8},"end":{"line":14,"column":65}}},"fnMap":{"0":{"name":"(anonymous_0)","decl":{"start":{"line":3,"column":4},"end":{"line":3,"column":5}},"loc":{"start":{"line":3,"column":38},"end":{"line":7,"column":5}},"line":3},"1":{"name":"(anonymous_1)","decl":{"start":{"line":9,"column":4},"end":{"line":9,"column":5}},"loc":{"start":{"line":9,"column":29},"end":{"line":11,"column":5}},"line":9},"2":{"name":"(anonymous_2)","decl":{"start":{"line":10,"column":33},"end":{"line":10,"column":34}},"loc":{"start":{"line":10,"column":47},"end":{"line":10,"column":55}},"line":10},"3":{"name":"(anonymous_3)","decl":{"start":{"line":13,"column":4},"end":{"line":13,"column":5}},"loc":{"start":{"line":13,"column":20},"end":{"line":15,"column":5}},"line":13}},"branchMap":{},"s":{"0":8,"1":8,"2":8,"3":8,"4":12,"5":6},"f":{"0":8,"1":8,"2":12,"3":6},"b":{},"_coverageSchema":"1a1c01bbd47fc00a2c39e90264f33305004495a9","hash":"215614b51caf24c015a56055d04cc44db9e93327"}
,"C:\\Users\\Administrador\\Documents\\ort\\202202\\3-Miercoles TP2 2 E - Almagro\\tp2-2022-2-AlmagroE\\clase4\\ejercicio\\src\\service\\FacturaProceso.js": {"path":"C:\\Users\\Administrador\\Documents\\ort\\202202\\3-Miercoles TP2 2 E - Almagro\\tp2-2022-2-AlmagroE\\clase4\\ejercicio\\src\\service\\FacturaProceso.js","statementMap":{"0":{"start":{"line":4,"column":20},"end":{"line":4,"column":22}},"1":{"start":{"line":7,"column":8},"end":{"line":7,"column":43}},"2":{"start":{"line":11,"column":20},"end":{"line":16,"column":9}},"3":{"start":{"line":13,"column":27},"end":{"line":13,"column":84}},"4":{"start":{"line":14,"column":16},"end":{"line":14,"column":42}},"5":{"start":{"line":17,"column":8},"end":{"line":17,"column":19}}},"fnMap":{"0":{"name":"(anonymous_0)","decl":{"start":{"line":6,"column":4},"end":{"line":6,"column":5}},"loc":{"start":{"line":6,"column":31},"end":{"line":8,"column":5}},"line":6},"1":{"name":"(anonymous_1)","decl":{"start":{"line":10,"column":4},"end":{"line":10,"column":5}},"loc":{"start":{"line":10,"column":23},"end":{"line":18,"column":5}},"line":10},"2":{"name":"(anonymous_2)","decl":{"start":{"line":12,"column":12},"end":{"line":12,"column":13}},"loc":{"start":{"line":12,"column":23},"end":{"line":15,"column":13}},"line":12}},"branchMap":{},"s":{"0":1,"1":1,"2":1,"3":4,"4":4,"5":1},"f":{"0":1,"1":1,"2":4},"b":{},"_coverageSchema":"1a1c01bbd47fc00a2c39e90264f33305004495a9","hash":"7b433bcb6d5b1a095456e8ebeed7d22b4bb07622"}
,"C:\\Users\\Administrador\\Documents\\ort\\202202\\3-Miercoles TP2 2 E - Almagro\\tp2-2022-2-AlmagroE\\clase4\\ejercicio\\src\\service\\FileUtil.js": {"path":"C:\\Users\\Administrador\\Documents\\ort\\202202\\3-Miercoles TP2 2 E - Almagro\\tp2-2022-2-AlmagroE\\clase4\\ejercicio\\src\\service\\FileUtil.js","statementMap":{"0":{"start":{"line":6,"column":8},"end":{"line":6,"column":31}},"1":{"start":{"line":10,"column":8},"end":{"line":14,"column":9}},"2":{"start":{"line":11,"column":12},"end":{"line":11,"column":57}},"3":{"start":{"line":13,"column":12},"end":{"line":13,"column":46}}},"fnMap":{"0":{"name":"(anonymous_0)","decl":{"start":{"line":5,"column":4},"end":{"line":5,"column":5}},"loc":{"start":{"line":5,"column":25},"end":{"line":7,"column":5}},"line":5},"1":{"name":"(anonymous_1)","decl":{"start":{"line":9,"column":4},"end":{"line":9,"column":5}},"loc":{"start":{"line":9,"column":11},"end":{"line":15,"column":5}},"line":9}},"branchMap":{},"s":{"0":2,"1":2,"2":2,"3":1},"f":{"0":2,"1":2},"b":{},"_coverageSchema":"1a1c01bbd47fc00a2c39e90264f33305004495a9","hash":"62e30813e410b2592379e5ac4b09ed445a78f562"}
}
