TN:
SF:src\models\Factura.js
FN:3,(anonymous_0)
FN:9,(anonymous_1)
FN:10,(anonymous_2)
FN:13,(anonymous_3)
FNF:4
FNH:4
FNDA:8,(anonymous_0)
FNDA:8,(anonymous_1)
FNDA:12,(anonymous_2)
FNDA:6,(anonymous_3)
DA:4,8
DA:5,8
DA:6,8
DA:10,12
DA:14,6
LF:5
LH:5
BRF:0
BRH:0
end_of_record
TN:
SF:src\service\FacturaProceso.js
FN:6,(anonymous_0)
FN:10,(anonymous_1)
FN:12,(anonymous_2)
FNF:3
FNH:3
FNDA:1,(anonymous_0)
FNDA:1,(anonymous_1)
FNDA:4,(anonymous_2)
DA:4,1
DA:7,1
DA:11,1
DA:13,4
DA:14,4
DA:17,1
LF:6
LH:6
BRF:0
BRH:0
end_of_record
TN:
SF:src\service\FileUtil.js
FN:5,(anonymous_0)
FN:9,(anonymous_1)
FNF:2
FNH:2
FNDA:2,(anonymous_0)
FNDA:2,(anonymous_1)
DA:6,2
DA:10,2
DA:11,2
DA:13,1
LF:4
LH:4
BRF:0
BRH:0
end_of_record
