{"C:\\Users\\Ivo\\Desktop\\TP2\\tp2-2022-2-AlmagroE\\clase3\\basteiro-ivo\\src\\models\\Factura.js": {"path":"C:\\Users\\Ivo\\Desktop\\TP2\\tp2-2022-2-AlmagroE\\clase3\\basteiro-ivo\\src\\models\\Factura.js","statementMap":{"0":{"start":{"line":3,"column":8},"end":{"line":3,"column":29}},"1":{"start":{"line":4,"column":8},"end":{"line":4,"column":31}},"2":{"start":{"line":5,"column":8},"end":{"line":5,"column":27}},"3":{"start":{"line":9,"column":8},"end":{"line":9,"column":61}},"4":{"start":{"line":9,"column":48},"end":{"line":9,"column":56}},"5":{"start":{"line":13,"column":8},"end":{"line":13,"column":79}}},"fnMap":{"0":{"name":"(anonymous_0)","decl":{"start":{"line":2,"column":4},"end":{"line":2,"column":5}},"loc":{"start":{"line":2,"column":40},"end":{"line":6,"column":5}},"line":2},"1":{"name":"(anonymous_1)","decl":{"start":{"line":8,"column":4},"end":{"line":8,"column":5}},"loc":{"start":{"line":8,"column":29},"end":{"line":10,"column":5}},"line":8},"2":{"name":"(anonymous_2)","decl":{"start":{"line":9,"column":33},"end":{"line":9,"column":34}},"loc":{"start":{"line":9,"column":48},"end":{"line":9,"column":56}},"line":9},"3":{"name":"(anonymous_3)","decl":{"start":{"line":12,"column":4},"end":{"line":12,"column":5}},"loc":{"start":{"line":12,"column":20},"end":{"line":14,"column":5}},"line":12}},"branchMap":{"0":{"loc":{"start":{"line":13,"column":15},"end":{"line":13,"column":78}},"type":"cond-expr","locations":[{"start":{"line":13,"column":67},"end":{"line":13,"column":71}},{"start":{"line":13,"column":73},"end":{"line":13,"column":78}}],"line":13}},"s":{"0":4,"1":4,"2":4,"3":4,"4":4,"5":2},"f":{"0":4,"1":4,"2":4,"3":2},"b":{"0":[1,1]},"_coverageSchema":"1a1c01bbd47fc00a2c39e90264f33305004495a9","hash":"a7379e6760ea220866f1d476931b31101f2c610f"}
,"C:\\Users\\Ivo\\Desktop\\TP2\\tp2-2022-2-AlmagroE\\clase3\\basteiro-ivo\\src\\service\\FileUtil.js": {"path":"C:\\Users\\Ivo\\Desktop\\TP2\\tp2-2022-2-AlmagroE\\clase3\\basteiro-ivo\\src\\service\\FileUtil.js","statementMap":{"0":{"start":{"line":5,"column":4},"end":{"line":5,"column":27}},"1":{"start":{"line":9,"column":4},"end":{"line":13,"column":5}},"2":{"start":{"line":10,"column":6},"end":{"line":10,"column":52}},"3":{"start":{"line":12,"column":8},"end":{"line":12,"column":41}}},"fnMap":{"0":{"name":"(anonymous_0)","decl":{"start":{"line":4,"column":2},"end":{"line":4,"column":3}},"loc":{"start":{"line":4,"column":23},"end":{"line":6,"column":3}},"line":4},"1":{"name":"(anonymous_1)","decl":{"start":{"line":8,"column":2},"end":{"line":8,"column":3}},"loc":{"start":{"line":8,"column":9},"end":{"line":14,"column":3}},"line":8}},"branchMap":{},"s":{"0":2,"1":2,"2":2,"3":1},"f":{"0":2,"1":2},"b":{},"_coverageSchema":"1a1c01bbd47fc00a2c39e90264f33305004495a9","hash":"4dfffd1256f2a02256b4e6557d48d8528100fd8e"}
}
